<?xml version="1.0" encoding="UTF-8"?>
<!-- This is the desired result that the PHP script will produce for given phpunit-junit-xml-report.xml -->
<testsuites name="Tests/Unit/PHP" tests="138" assertions="172" failures="0" errors="0" time="0.077931">
    <testsuite name="Tests\Unit\PHP\Test1" file="/path/Tests/Unit/PHP/Test1.php" tests="2" assertions="18" failures="0" errors="0" time="0.018584">
        <testcase name="test1" class="Tests\Unit\PHP\Test1" file="/path/Tests/Unit/PHP/Test1.php" line="16" assertions="12" time="0.015141"/>
        <testcase name="test2" class="Tests\Unit\PHP\Test1" file="/path/Tests/Unit/PHP/Test1.php" line="54" assertions="6" time="0.003443"/>
    </testsuite>
    <testsuite name="Tests\Unit\PHP\Test2" file="/path/Tests/Unit/PHP/Test2.php" tests="97" assertions="99" failures="0" errors="0" time="0.043624">
        <testcase name="test12" class="Tests\Unit\PHP\Test2" file="/path/Tests/Unit/PHP/Test2.php" line="278" assertions="1" time="0.000326"/>
        <testcase name="test13" class="Tests\Unit\PHP\Test2" file="/path/Tests/Unit/PHP/Test2.php" line="290" assertions="1" time="0.000305"/>
        <testcase name="test14" class="Tests\Unit\PHP\Test2" file="/path/Tests/Unit/PHP/Test2.php" line="302" assertions="1" time="0.002889"/>
        <testcase name="test15" class="Tests\Unit\PHP\Test2" file="/path/Tests/Unit/PHP/Test2.php" line="315" assertions="1" time="0.000480"/>
        <testcase name="test16" class="Tests\Unit\PHP\Test2" file="/path/Tests/Unit/PHP/Test2.php" line="330" assertions="1" time="0.000394"/>
        <testcase name="test17" class="Tests\Unit\PHP\Test2" file="/path/Tests/Unit/PHP/Test2.php" line="343" assertions="1" time="0.000739"/>
        <testcase name="test1 with data set #0" assertions="1" time="0.000982"/>
        <testcase name="test1 with data set #1" assertions="1" time="0.000592"/>
        <testcase name="test1 with data set #2" assertions="1" time="0.000397"/>
        <testcase name="test1 with data set #3" assertions="1" time="0.000355"/>
        <testcase name="test1 with data set #4" assertions="1" time="0.000373"/>
        <testcase name="test1 with data set #5" assertions="1" time="0.000335"/>
        <testcase name="test1 with data set #6" assertions="1" time="0.000358"/>
        <testcase name="test1 with data set #7" assertions="1" time="0.000353"/>
        <testcase name="test1 with data set #8" assertions="1" time="0.000407"/>
        <testcase name="test2 with data set #0" assertions="1" time="0.000420"/>
        <testcase name="test3 with data set #0" assertions="1" time="0.000339"/>
        <testcase name="test3 with data set #1" assertions="1" time="0.000326"/>
        <testcase name="test3 with data set #2" assertions="1" time="0.000337"/>
        <testcase name="test3 with data set #3" assertions="1" time="0.000418"/>
        <testcase name="test4 with data set #0" assertions="1" time="0.000438"/>
        <testcase name="test4 with data set #1" assertions="1" time="0.000465"/>
        <testcase name="test4 with data set #2" assertions="1" time="0.000411"/>
        <testcase name="test4 with data set #3" assertions="1" time="0.000434"/>
        <testcase name="test4 with data set #4" assertions="1" time="0.000419"/>
        <testcase name="test4 with data set #5" assertions="1" time="0.000368"/>
        <testcase name="test5 with data set #0" assertions="1" time="0.000432"/>
        <testcase name="test5 with data set #1" assertions="1" time="0.000494"/>
        <testcase name="test5 with data set #2" assertions="1" time="0.000537"/>
        <testcase name="test5 with data set #3" assertions="1" time="0.000402"/>
        <testcase name="test5 with data set #4" assertions="1" time="0.000461"/>
        <testcase name="test5 with data set #5" assertions="1" time="0.000529"/>
        <testcase name="test6 with data set #0" assertions="1" time="0.000590"/>
        <testcase name="test6 with data set #1" assertions="1" time="0.000429"/>
        <testcase name="test7 with data set #0" assertions="1" time="0.003578"/>
        <testcase name="test7 with data set #1" assertions="1" time="0.000647"/>
        <testcase name="test7 with data set #2" assertions="1" time="0.000380"/>
        <testcase name="test7 with data set #3" assertions="1" time="0.000335"/>
        <testcase name="test7 with data set #4" assertions="1" time="0.000325"/>
        <testcase name="test7 with data set #5" assertions="1" time="0.000437"/>
        <testcase name="test7 with data set #6" assertions="1" time="0.000349"/>
        <testcase name="test7 with data set #7" assertions="1" time="0.000312"/>
        <testcase name="test7 with data set #8" assertions="1" time="0.000303"/>
        <testcase name="test7 with data set #9" assertions="1" time="0.000363"/>
        <testcase name="test7 with data set #10" assertions="1" time="0.000354"/>
        <testcase name="test7 with data set #11" assertions="1" time="0.000465"/>
        <testcase name="test7 with data set #12" assertions="1" time="0.000331"/>
        <testcase name="test7 with data set #13" assertions="1" time="0.000364"/>
        <testcase name="test7 with data set #14" assertions="1" time="0.000294"/>
        <testcase name="test7 with data set #15" assertions="1" time="0.000340"/>
        <testcase name="test7 with data set #16" assertions="1" time="0.000383"/>
        <testcase name="test7 with data set #17" assertions="1" time="0.000293"/>
        <testcase name="test7 with data set #18" assertions="1" time="0.000315"/>
        <testcase name="test7 with data set #19" assertions="1" time="0.000373"/>
        <testcase name="test7 with data set #20" assertions="1" time="0.000328"/>
        <testcase name="test7 with data set #21" assertions="1" time="0.000316"/>
        <testcase name="test7 with data set #22" assertions="1" time="0.000318"/>
        <testcase name="test8 with data set #0" assertions="1" time="0.000367"/>
        <testcase name="test8 with data set #1" assertions="1" time="0.000438"/>
        <testcase name="test8 with data set #2" assertions="1" time="0.000453"/>
        <testcase name="test8 with data set #3" assertions="1" time="0.000385"/>
        <testcase name="test8 with data set #4" assertions="1" time="0.000383"/>
        <testcase name="test8 with data set #5" assertions="1" time="0.000366"/>
        <testcase name="test9 with data set #0" assertions="1" time="0.000721"/>
        <testcase name="test9 with data set #1" assertions="1" time="0.000354"/>
        <testcase name="test9 with data set #2" assertions="1" time="0.000454"/>
        <testcase name="test9 with data set #3" assertions="1" time="0.000324"/>
        <testcase name="test9 with data set #4" assertions="1" time="0.000297"/>
        <testcase name="test9 with data set #5" assertions="1" time="0.000334"/>
        <testcase name="test9 with data set #6" assertions="1" time="0.000358"/>
        <testcase name="test9 with data set #7" assertions="1" time="0.000326"/>
        <testcase name="test9 with data set #8" assertions="1" time="0.000335"/>
        <testcase name="test9 with data set #9" assertions="1" time="0.000350"/>
        <testcase name="test9 with data set #10" assertions="1" time="0.000346"/>
        <testcase name="test9 with data set #11" assertions="1" time="0.000304"/>
        <testcase name="test9 with data set #12" assertions="1" time="0.000329"/>
        <testcase name="test9 with data set #13" assertions="1" time="0.000304"/>
        <testcase name="test9 with data set #14" assertions="1" time="0.000330"/>
        <testcase name="test9 with data set #15" assertions="1" time="0.000383"/>
        <testcase name="test9 with data set #16" assertions="1" time="0.000324"/>
        <testcase name="test9 with data set #17" assertions="1" time="0.000388"/>
        <testcase name="test9 with data set #18" assertions="1" time="0.000367"/>
        <testcase name="test9 with data set #19" assertions="1" time="0.000448"/>
        <testcase name="test9 with data set #20" assertions="1" time="0.000483"/>
        <testcase name="test9 with data set #21" assertions="1" time="0.000414"/>
        <testcase name="test9 with data set #22" assertions="1" time="0.000445"/>
        <testcase name="test10 with data set #0" assertions="1" time="0.000440"/>
        <testcase name="test10 with data set #1" assertions="1" time="0.000367"/>
        <testcase name="test10 with data set #2" assertions="1" time="0.000298"/>
        <testcase name="test10 with data set #3" assertions="1" time="0.000291"/>
        <testcase name="test10 with data set #4" assertions="1" time="0.000302"/>
        <testcase name="test10 with data set #5" assertions="1" time="0.000312"/>
        <testcase name="test10 with data set #6" assertions="1" time="0.000281"/>
        <testcase name="test10 with data set #7" assertions="1" time="0.000298"/>
        <testcase name="test10 with data set #8" assertions="1" time="0.000281"/>
        <testcase name="test11 with data set #0" assertions="2" time="0.000318"/>
        <testcase name="test11 with data set #1" assertions="2" time="0.000289"/>
    </testsuite>
    <testsuite name="Tests\Unit\PHP\Test3" file="/path/Tests/Unit/PHP/Test3.php" tests="24" assertions="34" failures="0" errors="0" time="0.007812">
        <testcase name="test18 with data set #0" assertions="1" time="0.000389"/>
        <testcase name="test18 with data set #1" assertions="1" time="0.000314"/>
        <testcase name="test18 with data set #2" assertions="1" time="0.000294"/>
        <testcase name="test18 with data set #3" assertions="1" time="0.000270"/>
        <testcase name="test18 with data set #4" assertions="1" time="0.000264"/>
        <testcase name="test18 with data set #5" assertions="1" time="0.000261"/>
        <testcase name="test18 with data set #6" assertions="1" time="0.000261"/>
        <testcase name="test19 with data set #0" assertions="1" time="0.000272"/>
        <testcase name="test19 with data set #1" assertions="1" time="0.000263"/>
        <testcase name="test19 with data set #2" assertions="1" time="0.000260"/>
        <testcase name="test19 with data set #3" assertions="1" time="0.000261"/>
        <testcase name="test19 with data set #4" assertions="1" time="0.000263"/>
        <testcase name="test19 with data set #5" assertions="1" time="0.000267"/>
        <testcase name="test19 with data set #6" assertions="1" time="0.000292"/>
        <testcase name="test20 with data set #0" assertions="2" time="0.001018"/>
        <testcase name="test20 with data set #1" assertions="2" time="0.000351"/>
        <testcase name="test20 with data set #2" assertions="2" time="0.000301"/>
        <testcase name="test20 with data set #3" assertions="2" time="0.000293"/>
        <testcase name="test20 with data set #4" assertions="2" time="0.000289"/>
        <testcase name="test20 with data set #5" assertions="2" time="0.000398"/>
        <testcase name="test20 with data set #6" assertions="2" time="0.000343"/>
        <testcase name="test20 with data set #7" assertions="2" time="0.000297"/>
        <testcase name="test20 with data set #8" assertions="2" time="0.000293"/>
        <testcase name="test20 with data set #9" assertions="2" time="0.000298"/>
    </testsuite>
    <testsuite name="Tests\Unit\PHP\Test4" file="/path/Tests/Unit/PHP/Test4.php" tests="7" assertions="8" failures="0" errors="0" time="0.005318">
        <testcase name="test21" class="Tests\Unit\PHP\Test4" file="/path/Tests/Unit/PHP/Test4.php" line="16" assertions="2" time="0.001292"/>
        <testcase name="test22 with data set #0" assertions="1" time="0.002035"/>
        <testcase name="test22 with data set #1" assertions="1" time="0.000472"/>
        <testcase name="test22 with data set #2" assertions="1" time="0.000363"/>
        <testcase name="test22 with data set #3" assertions="1" time="0.000394"/>
        <testcase name="test22 with data set #4" assertions="1" time="0.000394"/>
        <testcase name="test22 with data set #5" assertions="1" time="0.000368"/>
    </testsuite>
    <testsuite name="Tests\Unit\PHP\Test5" file="/path/Tests/Unit/PHP/Test5.php" tests="3" assertions="3" failures="0" errors="0" time="0.001078">
        <testcase name="test23" class="Tests\Unit\PHP\Test5" file="/path/Tests/Unit/PHP/Test5.php" line="13" assertions="1" time="0.000543"/>
        <testcase name="test24" class="Tests\Unit\PHP\Test5" file="/path/Tests/Unit/PHP/Test5.php" line="20" assertions="1" time="0.000281"/>
        <testcase name="test25" class="Tests\Unit\PHP\Test5" file="/path/Tests/Unit/PHP/Test5.php" line="25" assertions="1" time="0.000254"/>
    </testsuite>
    <testsuite name="Tests\Unit\PHP\Test6" file="/path/Tests/Unit/PHP/Test6.php" tests="5" assertions="10" failures="0" errors="0" time="0.001514">
        <testcase name="test26" class="Tests\Unit\PHP\Test6" file="/path/Tests/Unit/PHP/Test6.php" line="17" assertions="3" time="0.000381"/>
        <testcase name="test27" class="Tests\Unit\PHP\Test6" file="/path/Tests/Unit/PHP/Test6.php" line="28" assertions="2" time="0.000286"/>
        <testcase name="test28" class="Tests\Unit\PHP\Test6" file="/path/Tests/Unit/PHP/Test6.php" line="38" assertions="1" time="0.000263"/>
        <testcase name="test29" class="Tests\Unit\PHP\Test6" file="/path/Tests/Unit/PHP/Test6.php" line="47" assertions="3" time="0.000282"/>
        <testcase name="test30" class="Tests\Unit\PHP\Test6" file="/path/Tests/Unit/PHP/Test6.php" line="59" assertions="1" time="0.000302"/>
    </testsuite>
</testsuites>
